23-09-26 14:53:19.782 [restartedMain] INFO  c.d.s.ShopForEveryHomeApplication - Starting ShopForEveryHomeApplication using Java 19.0.1 on DESKTOP-MAA6M6T with PID 12068 (C:\Users\DQT\Desktop\shop\target\classes started by DQT in C:\Users\DQT\Desktop\shop)
23-09-26 14:53:19.783 [restartedMain] INFO  c.d.s.ShopForEveryHomeApplication - No active profile set, falling back to 1 default profile: "default"
23-09-26 14:53:19.831 [restartedMain] INFO  o.s.b.d.e.DevToolsPropertyDefaultsPostProcessor - Devtools property defaults active! Set 'spring.devtools.add-properties' to 'false' to disable
23-09-26 14:53:19.832 [restartedMain] INFO  o.s.b.d.e.DevToolsPropertyDefaultsPostProcessor - For additional web related logging consider setting the 'logging.level.web' property to 'DEBUG'
23-09-26 14:53:20.726 [restartedMain] INFO  o.s.d.r.c.RepositoryConfigurationDelegate - Bootstrapping Spring Data JPA repositories in DEFAULT mode.
23-09-26 14:53:20.746 [restartedMain] INFO  o.s.d.r.c.RepositoryConfigurationDelegate - Finished Spring Data repository scanning in 9 ms. Found 0 JPA repository interfaces.
23-09-26 14:53:21.518 [restartedMain] INFO  o.s.b.w.e.tomcat.TomcatWebServer - Tomcat initialized with port(s): 8008 (http)
23-09-26 14:53:21.535 [restartedMain] INFO  o.a.catalina.core.StandardService - Starting service [Tomcat]
23-09-26 14:53:21.536 [restartedMain] INFO  o.a.catalina.core.StandardEngine - Starting Servlet engine: [Apache Tomcat/9.0.80]
23-09-26 14:53:21.638 [restartedMain] INFO  o.a.c.c.C.[Tomcat].[localhost].[/] - Initializing Spring embedded WebApplicationContext
23-09-26 14:53:21.639 [restartedMain] INFO  o.s.b.w.s.c.ServletWebServerApplicationContext - Root WebApplicationContext: initialization completed in 1805 ms
23-09-26 14:53:21.809 [restartedMain] INFO  o.h.jpa.internal.util.LogHelper - HHH000204: Processing PersistenceUnitInfo [name: default]
23-09-26 14:53:21.871 [restartedMain] INFO  org.hibernate.Version - HHH000412: Hibernate ORM core version 5.6.15.Final
23-09-26 14:53:22.055 [restartedMain] INFO  o.h.annotations.common.Version - HCANN000001: Hibernate Commons Annotations {5.1.2.Final}
23-09-26 14:53:22.167 [restartedMain] INFO  com.zaxxer.hikari.HikariDataSource - HikariPool-1 - Starting...
23-09-26 14:53:22.534 [restartedMain] INFO  com.zaxxer.hikari.HikariDataSource - HikariPool-1 - Start completed.
23-09-26 14:53:22.550 [restartedMain] INFO  org.hibernate.dialect.Dialect - HHH000400: Using dialect: org.hibernate.dialect.MySQL57Dialect
23-09-26 14:53:22.823 [restartedMain] INFO  o.h.e.t.j.p.i.JtaPlatformInitiator - HHH000490: Using JtaPlatform implementation: [org.hibernate.engine.transaction.jta.platform.internal.NoJtaPlatform]
23-09-26 14:53:22.832 [restartedMain] INFO  o.s.o.j.LocalContainerEntityManagerFactoryBean - Initialized JPA EntityManagerFactory for persistence unit 'default'
23-09-26 14:53:22.981 [restartedMain] WARN  o.s.b.a.o.j.JpaBaseConfiguration$JpaWebConfiguration - spring.jpa.open-in-view is enabled by default. Therefore, database queries may be performed during view rendering. Explicitly configure spring.jpa.open-in-view to disable this warning
23-09-26 14:53:24.016 [restartedMain] INFO  o.s.b.d.a.OptionalLiveReloadServer - LiveReload server is running on port 35729
23-09-26 14:53:24.051 [restartedMain] INFO  o.s.b.w.e.tomcat.TomcatWebServer - Tomcat started on port(s): 8008 (http) with context path ''
23-09-26 14:53:24.062 [restartedMain] INFO  c.d.s.ShopForEveryHomeApplication - Started ShopForEveryHomeApplication in 4.931 seconds (JVM running for 5.628)
23-09-26 14:53:31.515 [SpringApplicationShutdownHook] INFO  o.s.o.j.LocalContainerEntityManagerFactoryBean - Closing JPA EntityManagerFactory for persistence unit 'default'
23-09-26 14:53:31.519 [SpringApplicationShutdownHook] INFO  com.zaxxer.hikari.HikariDataSource - HikariPool-1 - Shutdown initiated...
23-09-26 14:53:31.526 [SpringApplicationShutdownHook] INFO  com.zaxxer.hikari.HikariDataSource - HikariPool-1 - Shutdown completed.
